==================================================
User Log
==================================================


[2018.09.15] [13:17:20] Session opened.
[2018.09.15] [13:17:20] Loaded Item: LIES!!!@~
[2018.09.15] [13:17:20] Loaded Item: Short Sword (OBSOLETE, PLEASE DROP IN TOWN SQUARE)
[2018.09.15] [13:17:20] Loaded Item: Leather Armor (OBSOLETE, PLEASE DROP IN TOWN SQUARE)
[2018.09.15] [13:17:20] Loaded Item: Chainmail Armor (OBSOLETE, PLEASE DROP IN TOWN SQUARE)
[2018.09.15] [13:17:20] Loaded Item: Healing Potion (OBSOLETE, PLEASE DROP IN TOWN SQUARE)
[2018.09.15] [13:17:20] Loaded Item: Large Healing Potion (OBSOLETE, PLEASE DROP IN TOWN SQUARE)
[2018.09.15] [13:17:20] Loaded Item: Magic Sword of Killing (OBSOLETE, PLEASE DROP IN TOWN SQUARE)
[2018.09.15] [13:17:20] Loaded Item: Magic Potion of Strength (OBSOLETE, PLEASE DROP IN TOWN SQUARE)
[2018.09.15] [13:17:20] Loaded Item: Magical Flail of Piercing (OBSOLETE, PLEASE DROP IN TOWN SQUARE)
[2018.09.15] [13:17:20] Loaded Item: Mithril Armor (OBSOLETE, PLEASE DROP IN TOWN SQUARE)
[2018.09.15] [13:17:20] Loaded Item: Rusty Shank (OBSOLETE, PLEASE DROP IN TOWN SQUARE)
[2018.09.15] [13:17:20] Loaded Item: Pants (OBSOLETE, PLEASE DROP IN TOWN SQUARE)
[2018.09.15] [13:17:20] Loaded Item: Magic Potion of Agility (OBSOLETE, PLEASE DROP IN TOWN SQUARE)
[2018.09.15] [13:17:20] Loaded Item: Magic Potion of Health (OBSOLETE, PLEASE DROP IN TOWN SQUARE)
[2018.09.15] [13:17:20] Loaded Item: Magic Potion of Godliness (OBSOLETE, PLEASE DROP IN TOWN SQUARE)
[2018.09.15] [13:17:20] Loaded Item: Heavy Wooden Club (OBSOLETE, PLEASE DROP IN TOWN SQUARE)
[2018.09.15] [13:17:20] Loaded Item: Tentacle (OBSOLETE, PLEASE DROP IN TOWN SQUARE)
[2018.09.15] [13:17:20] Loaded Item: Platemail Armor (OBSOLETE, PLEASE DROP IN TOWN SQUARE)
[2018.09.15] [13:17:20] Loaded Item: Leather Armor of Agility (OBSOLETE, PLEASE DROP IN TOWN SQUARE)
[2018.09.15] [13:17:20] Loaded Item: Cloth Armor of Healing (OBSOLETE, PLEASE DROP IN TOWN SQUARE)
[2018.09.15] [13:17:20] Loaded Item: Broadsword (OBSOLETE, PLEASE DROP IN TOWN SQUARE)
[2018.09.15] [13:17:20] Loaded Item: Cloth Armor (OBSOLETE, PLEASE DROP IN TOWN SQUARE)
[2018.09.15] [13:17:20] Loaded Item: Captain Jack's Special 40oz Rum (OBSOLETE, PLEASE DROP IN TOWN SQUARE)
[2018.09.15] [13:17:20] Loaded Item: Jeweled Dagger (OBSOLETE, PLEASE DROP IN TOWN SQUARE)
[2018.09.15] [13:17:20] Loaded Item: Rock (OBSOLETE, PLEASE DROP IN TOWN SQUARE)
[2018.09.15] [13:17:20] Loaded Item: Lobster Claw (OBSOLETE, PLEASE DROP IN TOWN SQUARE)
[2018.09.15] [13:17:20] Loaded Item: Whale Fin (OBSOLETE, PLEASE DROP IN TOWN SQUARE)
[2018.09.15] [13:17:20] Loaded Item: Mutant Arm (OBSOLETE, PLEASE DROP IN TOWN SQUARE)
[2018.09.15] [13:17:20] Loaded Item: Monkey Paw (OBSOLETE, PLEASE DROP IN TOWN SQUARE)
[2018.09.15] [13:17:20] Loaded Item: Long Sword (OBSOLETE, PLEASE DROP IN TOWN SQUARE)
[2018.09.15] [13:17:20] Loaded Item: Minor Healing Potion (OBSOLETE, PLEASE DROP IN TOWN SQUARE)
[2018.09.15] [13:17:20] Loaded Item: Rapier (OBSOLETE, PLEASE DROP IN TOWN SQUARE)
[2018.09.15] [13:17:20] Loaded Item: Cutlass (OBSOLETE, PLEASE DROP IN TOWN SQUARE)
[2018.09.15] [13:17:20] Loaded Item: Golden Rapier (OBSOLETE, PLEASE DROP IN TOWN SQUARE)
[2018.09.15] [13:17:20] Loaded Item: Minor Healing Potion
[2018.09.15] [13:17:20] Loaded Item: Small Healing Potion
[2018.09.15] [13:17:20] Loaded Item: Large Healing Potion
[2018.09.15] [13:17:20] Loaded Item: Major Healing Potion
[2018.09.15] [13:17:20] Loaded Item: Super Healing Potion
[2018.09.15] [13:17:20] Loaded Item: Rusty Knife
[2018.09.15] [13:17:20] Loaded Item: Knife
[2018.09.15] [13:17:20] Loaded Item: Dagger
[2018.09.15] [13:17:20] Loaded Item: Shortsword
[2018.09.15] [13:17:20] Loaded Item: Broadsword
[2018.09.15] [13:17:20] Loaded Item: Cloth Armor
[2018.09.15] [13:17:20] Loaded Item: Leather Armor
[2018.09.15] [13:17:20] Loaded Item: Chainmail Armor
[2018.09.15] [13:17:20] Loaded Item: Scalemail Armor
[2018.09.15] [13:17:20] Loaded Item: Platemail Armor
[2018.09.15] [13:17:20] Loaded Item: Full Platemail Armor
[2018.09.15] [13:17:20] Loaded Item: Cloth Armor of Speed
[2018.09.15] [13:17:20] Loaded Item: Leather Armor of Regeneration
[2018.09.15] [13:17:20] Loaded Item: Chainmail Armor of Power
[2018.09.15] [13:17:20] Loaded Item: Scalemail Armor of Darkness
[2018.09.15] [13:17:20] Loaded Item: Platemail Armor of Power
[2018.09.15] [13:17:20] Loaded Item: Full Platemail Armor of Power
[2018.09.15] [13:17:20] Loaded Item: Tattered Robes
[2018.09.15] [13:17:20] Loaded Item: Longsword
[2018.09.15] [13:17:20] Loaded Item: Club
[2018.09.15] [13:17:20] Loaded Item: Mace
[2018.09.15] [13:17:20] Loaded Item: Heavy Longsword
[2018.09.15] [13:17:20] Loaded Item: Heavy Club
[2018.09.15] [13:17:20] Loaded Item: Jeweled Dagger
[2018.09.15] [13:17:20] Loaded Item: Jeweled Shortsword
[2018.09.15] [13:17:20] Loaded Item: Broadsword of Regeneration
[2018.09.15] [13:17:20] Loaded Item: Longsword of Power
[2018.09.15] [13:17:20] Loaded Item: Club of Smashing
[2018.09.15] [13:17:20] Loaded Item: Dagger of Precision
[2018.09.15] [13:17:20] Loaded Item: Rapier
[2018.09.15] [13:17:20] Loaded Item: Sabre
[2018.09.15] [13:17:20] Loaded Item: Cutlass
[2018.09.15] [13:17:20] Loaded Item: Golden Rapier
[2018.09.15] [13:17:20] Loaded Store: Bobs Weapon Shop
[2018.09.15] [13:17:20] Loaded Store: Samuels Armorsmith
[2018.09.15] [13:17:20] Loaded Store: The Insane Alchemist's Workshop
[2018.09.15] [13:17:20] Loaded Store: The Little Shop of Freaky Stuff
[2018.09.15] [13:17:20] Loaded Store: Sea Shanty
[2018.09.15] [13:17:20] Loaded Enemy: Rabid Monkey
[2018.09.15] [13:17:20] Loaded Enemy: Thug
[2018.09.15] [13:17:20] Loaded Enemy: Gangmember
[2018.09.15] [13:17:20] Loaded Enemy: Tentacle Monster
[2018.09.15] [13:17:20] Loaded Enemy: Abomination
[2018.09.15] [13:17:20] Loaded Enemy: Evil Squirrel
[2018.09.15] [13:17:20] Loaded Enemy: Monkey Trainer
[2018.09.15] [13:17:20] Loaded Enemy: Bandit
[2018.09.15] [13:17:20] Loaded Enemy: Mutant
[2018.09.15] [13:17:20] Loaded Enemy: Vagrant
[2018.09.15] [13:17:20] Loaded Enemy: Thief
[2018.09.15] [13:17:20] Loaded Enemy: Rock Lobster
[2018.09.15] [13:17:20] Loaded Enemy: Bikini Whale
[2018.09.15] [13:17:20] Loaded Enemy: Gang Leader
[2018.09.15] [13:17:20] Loaded Enemy: Ruffian
[2018.09.15] [13:17:20] Loaded Enemy: Robber
[2018.09.15] [13:17:20] Loaded Enemy: Corsair
[2018.09.15] [13:17:20] Loaded Enemy: Pirate
[2018.09.15] [13:17:20] Loaded Enemy: Captain Jack
[2018.09.15] [13:17:20] Loaded Enemy: Backstreet Boy
